Started GET "/" for 127.0.0.1 at 2018-11-13 21:12:29 -0300
  [1m[35m (0.7ms)[0m  [1m[34mSELECT "schema_migrations"."version" FROM "schema_migrations" ORDER BY "schema_migrations"."version" ASC[0m
Processing by ResidencesController#home as HTML
  Rendering residences/home.html.erb within layouts/application
  Rendered residences/home.html.erb within layouts/application (363.4ms)
  Rendered layouts/_header.html.erb (6.0ms)
Completed 200 OK in 572ms (Views: 551.4ms | ActiveRecord: 0.0ms)


Started GET "/" for 127.0.0.1 at 2018-11-13 21:12:50 -0300
Processing by ResidencesController#home as HTML
  Rendering residences/home.html.erb within layouts/application
  Rendered residences/home.html.erb within layouts/application (2.0ms)
  Rendered layouts/_header.html.erb (6.6ms)
Completed 200 OK in 92ms (Views: 90.9ms | ActiveRecord: 0.0ms)


Started GET "/residences" for 127.0.0.1 at 2018-11-13 21:12:54 -0300
Processing by ResidencesController#index as HTML
  Rendering residences/index.html.erb within layouts/application
  [1m[36mResidence Load (0.6ms)[0m  [1m[34mSELECT "residences".* FROM "residences"[0m
  Rendered residences/index.html.erb within layouts/application (159.8ms)
  Rendered layouts/_header.html.erb (7.5ms)
Completed 200 OK in 319ms (Views: 284.8ms | ActiveRecord: 28.5ms)


Started GET "/user" for 127.0.0.1 at 2018-11-13 21:12:55 -0300
Processing by UserController#index as HTML
  Rendering user/index.html.erb within layouts/application
  [1m[36mUser Load (3.1ms)[0m  [1m[34mSELECT "users".* FROM "users"[0m
  Rendered user/index.html.erb within layouts/application (83.7ms)
  Rendered layouts/_header.html.erb (3.1ms)
Completed 200 OK in 189ms (Views: 174.7ms | ActiveRecord: 6.4ms)


Started GET "/user/1" for 127.0.0.1 at 2018-11-13 21:12:56 -0300
Processing by UserController#show as HTML
  Parameters: {"id"=>"1"}
  [1m[36mUser Load (0.6ms)[0m  [1m[34mSELECT  "users".* FROM "users" WHERE "users"."id" = $1 LIMIT $2[0m  [["id", 1], ["LIMIT", 1]]
  Rendering user/show.html.erb within layouts/application
  [1m[36mUserType Load (5.1ms)[0m  [1m[34mSELECT  "user_types".* FROM "user_types" WHERE "user_types"."id" = $1 LIMIT $2[0m  [["id", 2], ["LIMIT", 1]]
  Rendered user/show.html.erb within layouts/application (31.4ms)
Completed 500 Internal Server Error in 69ms (ActiveRecord: 10.5ms)


  
ActiveRecord::RecordNotFound (Couldn't find UserType with 'id'=2):
  
app/views/user/show.html.erb:12:in `_app_views_user_show_html_erb___4307074884499514921_70277424782360'
